<?xml version="1.0" ?>
<!DOCTYPE coverage SYSTEM "http://cobertura.sourceforge.net/xml/coverage-04.dtd">
<coverage lines-valid="29" lines-covered="29" line-rate="1" branches-valid="30" branches-covered="30" branch-rate="1" timestamp="1788911677227" complexity="0" version="0.1">
  <sources>
    <source>C:\xampp\htdocs\libreria-ci</source>
  </sources>
  <packages>
    <package name="main" line-rate="1" branch-rate="1">
      <classes>
        <class name="utilidades.js" filename="src\utilidades.js" line-rate="1" branch-rate="1">
          <methods>
            <method name="sumar" hits="3" signature="()V">
              <lines>
                <line number="3" hits="3"/>
              </lines>
            </method>
            <method name="dividir" hits="3" signature="()V">
              <lines>
                <line number="10" hits="3"/>
              </lines>
            </method>
            <method name="esPar" hits="3" signature="()V">
              <lines>
                <line number="20" hits="3"/>
              </lines>
            </method>
            <method name="invertirTexto" hits="3" signature="()V">
              <lines>
                <line number="27" hits="3"/>
              </lines>
            </method>
            <method name="factorial" hits="7" signature="()V">
              <lines>
                <line number="34" hits="7"/>
              </lines>
            </method>
            <method name="esPalindromo" hits="4" signature="()V">
              <lines>
                <line number="44" hits="4"/>
              </lines>
            </method>
            <method name="calcularPorcentaje" hits="3" signature="()V">
              <lines>
                <line number="52" hits="3"/>
              </lines>
            </method>
          </methods>
          <lines>
            <line number="4" hits="3" branch="true" condition-coverage="100% (4/4)"/>
            <line number="5" hits="1" branch="false"/>
            <line number="7" hits="2" branch="false"/>
            <line number="11" hits="3" branch="true" condition-coverage="100% (4/4)"/>
            <line number="12" hits="1" branch="false"/>
            <line number="14" hits="2" branch="true" condition-coverage="100% (2/2)"/>
            <line number="15" hits="1" branch="false"/>
            <line number="17" hits="1" branch="false"/>
            <line number="21" hits="3" branch="true" condition-coverage="100% (2/2)"/>
            <line number="22" hits="1" branch="false"/>
            <line number="24" hits="2" branch="false"/>
            <line number="28" hits="3" branch="true" condition-coverage="100% (2/2)"/>
            <line number="29" hits="1" branch="false"/>
            <line number="31" hits="2" branch="false"/>
            <line number="35" hits="7" branch="true" condition-coverage="100% (4/4)"/>
            <line number="36" hits="1" branch="false"/>
            <line number="38" hits="6" branch="true" condition-coverage="100% (4/4)"/>
            <line number="39" hits="2" branch="false"/>
            <line number="41" hits="4" branch="false"/>
            <line number="45" hits="4" branch="true" condition-coverage="100% (2/2)"/>
            <line number="46" hits="1" branch="false"/>
            <line number="48" hits="3" branch="false"/>
            <line number="49" hits="3" branch="false"/>
            <line number="53" hits="3" branch="true" condition-coverage="100% (4/4)"/>
            <line number="54" hits="1" branch="false"/>
            <line number="56" hits="2" branch="true" condition-coverage="100% (2/2)"/>
            <line number="57" hits="1" branch="false"/>
            <line number="59" hits="1" branch="false"/>
            <line number="62" hits="1" branch="false"/>
          </lines>
        </class>
      </classes>
    </package>
  </packages>
</coverage>
